2025-08-20T12:48:00.417+09:00  INFO 2104 --- [k5_iot_springboot] [main] c.e.k.K5IotSpringbootApplication         : Starting K5IotSpringbootApplication using Java 17.0.12 with PID 2104 (C:\_김동후\k5_iot_springboot\build\classes\java\main started by user in C:\_김동후\k5_iot_springboot)
2025-08-20T12:48:00.420+09:00  INFO 2104 --- [k5_iot_springboot] [main] c.e.k.K5IotSpringbootApplication         : No active profile set, falling back to 1 default profile: "default"
2025-08-20T12:48:00.772+09:00  INFO 2104 --- [k5_iot_springboot] [main] .s.d.r.c.RepositoryConfigurationDelegate : Bootstrapping Spring Data JPA repositories in DEFAULT mode.
2025-08-20T12:48:00.815+09:00  INFO 2104 --- [k5_iot_springboot] [main] .s.d.r.c.RepositoryConfigurationDelegate : Finished Spring Data repository scanning in 37 ms. Found 5 JPA repository interfaces.
2025-08-20T12:48:01.022+09:00  INFO 2104 --- [k5_iot_springboot] [main] o.s.b.w.embedded.tomcat.TomcatWebServer  : Tomcat initialized with port 8080 (http)
2025-08-20T12:48:01.029+09:00  INFO 2104 --- [k5_iot_springboot] [main] o.apache.catalina.core.StandardService   : Starting service [Tomcat]
2025-08-20T12:48:01.029+09:00  INFO 2104 --- [k5_iot_springboot] [main] o.apache.catalina.core.StandardEngine    : Starting Servlet engine: [Apache Tomcat/10.1.43]
2025-08-20T12:48:01.051+09:00  INFO 2104 --- [k5_iot_springboot] [main] o.a.c.c.C.[Tomcat].[localhost].[/]       : Initializing Spring embedded WebApplicationContext
2025-08-20T12:48:01.051+09:00  INFO 2104 --- [k5_iot_springboot] [main] w.s.c.ServletWebServerApplicationContext : Root WebApplicationContext: initialization completed in 609 ms
2025-08-20T12:48:01.124+09:00  INFO 2104 --- [k5_iot_springboot] [main] o.hibernate.jpa.internal.util.LogHelper  : HHH000204: Processing PersistenceUnitInfo [name: default]
2025-08-20T12:48:01.145+09:00  INFO 2104 --- [k5_iot_springboot] [main] org.hibernate.Version                    : HHH000412: Hibernate ORM core version 6.6.22.Final
2025-08-20T12:48:01.160+09:00  INFO 2104 --- [k5_iot_springboot] [main] o.h.c.internal.RegionFactoryInitiator    : HHH000026: Second-level cache disabled
2025-08-20T12:48:01.304+09:00  INFO 2104 --- [k5_iot_springboot] [main] o.s.o.j.p.SpringPersistenceUnitInfo      : No LoadTimeWeaver setup: ignoring JPA class transformer
2025-08-20T12:48:01.319+09:00  INFO 2104 --- [k5_iot_springboot] [main] com.zaxxer.hikari.HikariDataSource       : HikariPool-1 - Starting...
2025-08-20T12:48:01.463+09:00  INFO 2104 --- [k5_iot_springboot] [main] com.zaxxer.hikari.pool.HikariPool        : HikariPool-1 - Added connection com.mysql.cj.jdbc.ConnectionImpl@1ad1be5d
2025-08-20T12:48:01.464+09:00  INFO 2104 --- [k5_iot_springboot] [main] com.zaxxer.hikari.HikariDataSource       : HikariPool-1 - Start completed.
2025-08-20T12:48:01.506+09:00  INFO 2104 --- [k5_iot_springboot] [main] org.hibernate.orm.connections.pooling    : HHH10001005: Database info:
	Database JDBC URL [Connecting through datasource 'HikariDataSource (HikariPool-1)']
	Database driver: undefined/unknown
	Database version: 8.0.43
	Autocommit mode: undefined/unknown
	Isolation level: undefined/unknown
	Minimum pool size: undefined/unknown
	Maximum pool size: undefined/unknown
2025-08-20T12:48:02.008+09:00  INFO 2104 --- [k5_iot_springboot] [main] o.h.e.t.j.p.i.JtaPlatformInitiator       : HHH000489: No JTA platform available (set 'hibernate.transaction.jta.platform' to enable JTA platform integration)
2025-08-20T12:48:02.029+09:00  INFO 2104 --- [k5_iot_springboot] [main] j.LocalContainerEntityManagerFactoryBean : Initialized JPA EntityManagerFactory for persistence unit 'default'
2025-08-20T12:48:02.233+09:00  INFO 2104 --- [k5_iot_springboot] [main] o.s.d.j.r.query.QueryEnhancerFactory     : Hibernate is in classpath; If applicable, HQL parser will be used.
2025-08-20T12:48:02.590+09:00  WARN 2104 --- [k5_iot_springboot] [main] JpaBaseConfiguration$JpaWebConfiguration : spring.jpa.open-in-view is enabled by default. Therefore, database queries may be performed during view rendering. Explicitly configure spring.jpa.open-in-view to disable this warning
2025-08-20T12:48:02.764+09:00  INFO 2104 --- [k5_iot_springboot] [main] o.s.b.w.embedded.tomcat.TomcatWebServer  : Tomcat started on port 8080 (http) with context path '/'
2025-08-20T12:48:02.769+09:00  INFO 2104 --- [k5_iot_springboot] [main] c.e.k.K5IotSpringbootApplication         : Started K5IotSpringbootApplication in 2.594 seconds (process running for 2.879)
2025-08-20T12:50:07.286+09:00  INFO 2104 --- [k5_iot_springboot] [SpringApplicationShutdownHook] o.s.b.w.e.tomcat.GracefulShutdown        : Commencing graceful shutdown. Waiting for active requests to complete
2025-08-20T12:50:07.335+09:00  INFO 2104 --- [k5_iot_springboot] [tomcat-shutdown] o.s.b.w.e.tomcat.GracefulShutdown        : Graceful shutdown complete
2025-08-20T12:50:07.337+09:00  INFO 2104 --- [k5_iot_springboot] [SpringApplicationShutdownHook] j.LocalContainerEntityManagerFactoryBean : Closing JPA EntityManagerFactory for persistence unit 'default'
2025-08-20T12:50:07.337+09:00  INFO 2104 --- [k5_iot_springboot] [SpringApplicationShutdownHook] com.zaxxer.hikari.HikariDataSource       : HikariPool-1 - Shutdown initiated...
2025-08-20T12:50:07.342+09:00  INFO 2104 --- [k5_iot_springboot] [SpringApplicationShutdownHook] com.zaxxer.hikari.HikariDataSource       : HikariPool-1 - Shutdown completed.
